C51 COMPILER V9.54   ADC                                                                   02/08/2019 22:58:54 PAGE 1   


C51 COMPILER V9.54, COMPILATION OF MODULE ADC
OBJECT MODULE PLACED IN .\Objects\adc.obj
COMPILER INVOKED BY: C:\keil_v5\C51\BIN\C51.EXE ..\..\lib.c\adc.c OPTIMIZE(8,SPEED) BROWSE INCDIR(..\user_h;..\..\lib.h)
                    - DEBUG OBJECTEXTEND PRINT(.\Listings\adc.lst) TABS(2) OBJECT(.\Objects\adc.obj)

line level    source

   1          #include"adc.h"
   2          #include"INTRINS.h"
   3          #include"STC15.h"
   4          
   5          unsigned int adc_on(adc_cmdtypedef* adc_cmd)
   6          {
   7   1        unsigned long temp = 0;
   8   1        
   9   1        ADC_CONTR = 0x80; //速度改进
  10   1        switch(adc_cmd->speed)
  11   1          {
  12   2          case 0 :
  13   2            ADC_CONTR |= 0x00;
  14   2            break;
  15   2          case 1 :
  16   2            ADC_CONTR |= 0x20;
  17   2            break;
  18   2          case 2 :
  19   2            ADC_CONTR |= 0x40;
  20   2            break;
  21   2          case 3 :
  22   2            ADC_CONTR |= 0x60;
  23   2            break;
  24   2          }
  25   1      
  26   1        switch(adc_cmd->channel)
  27   1          {
  28   2          case 0 :
  29   2            P1ASF = 0X01;
  30   2            ADC_CONTR |= 0x00;
  31   2            break;
  32   2          case 1 :
  33   2            P1ASF = 0X02;
  34   2            ADC_CONTR |= 0x01;
  35   2            break;
  36   2          case 2 :
  37   2            P1ASF = 0X04;
  38   2            ADC_CONTR |= 0x02;
  39   2            break;
  40   2          case 3 :
  41   2            P1ASF = 0X08;
  42   2            ADC_CONTR |= 0x03;
  43   2            break;
  44   2          case 4 :
  45   2            P1ASF = 0X10;
  46   2            ADC_CONTR |= 0x04;
  47   2            break;
  48   2          case 5 :
  49   2            P1ASF = 0X20;
  50   2            ADC_CONTR |= 0x05;
  51   2            break;
  52   2          case 6 :
  53   2            P1ASF = 0X40;
  54   2            ADC_CONTR |= 0x06;
C51 COMPILER V9.54   ADC                                                                   02/08/2019 22:58:54 PAGE 2   

  55   2            break;
  56   2          case 7 :
  57   2            P1ASF = 0X80;
  58   2            ADC_CONTR |= 0x07;
  59   2            break;
  60   2          }
  61   1      
  62   1        CLK_DIV |= 0x20;
  63   1            
  64   1        ADC_CONTR |= 0x08;  //开始转换
  65   1        while(!(ADC_CONTR & 0x10));  //非中断类型 等他转换完再执行
  66   1      
  67   1        ADC_CONTR = 0x00;
  68   1        P1ASF = 0x00;
  69   1      
  70   1        if(adc_cmd->cal > 0)
  71   1          {
  72   2      
  73   2            temp = ADC_RES;
  74   2            temp = temp << 8;
  75   2            temp += ADC_RESL;
  76   2      
  77   2            temp = (1024 * adc_cmd->vcc) / temp;
  78   2            ADC_CONTR = 0x00;
  79   2            ADC_RES = 0;
  80   2            ADC_RESL = 0;
  81   2            
  82   2            return temp;
  83   2          }
  84   1      
  85   1        if(adc_cmd->accuracy == 8)
  86   1          {
  87   2            temp = (ADC_RESL * adc_cmd->vcc) / 256 ;
  88   2          }
  89   1      
  90   1        if(adc_cmd->accuracy == 10)
  91   1          {
  92   2            temp = ADC_RES;
  93   2            temp = temp << 8;
  94   2      
  95   2            temp += ADC_RESL;
  96   2            temp = (temp * adc_cmd->vcc) / 1024 ;
  97   2          }
  98   1      
  99   1        ADC_CONTR = 0x00;
 100   1        ADC_RES = 0;
 101   1        ADC_RESL = 0;
 102   1        
 103   1        return temp;
 104   1      }


MODULE INFORMATION:   STATIC OVERLAYABLE
   CODE SIZE        =    444    ----
   CONSTANT SIZE    =   ----    ----
   XDATA SIZE       =   ----    ----
   PDATA SIZE       =   ----    ----
   DATA SIZE        =   ----       7
   IDATA SIZE       =   ----    ----
   BIT SIZE         =   ----    ----
END OF MODULE INFORMATION.


C51 COMPILATION COMPLETE.  0 WARNING(S),  0 ERROR(S)
