C51 COMPILER V9.54   EEPROM                                                                02/08/2019 22:58:54 PAGE 1   


C51 COMPILER V9.54, COMPILATION OF MODULE EEPROM
OBJECT MODULE PLACED IN .\Objects\eeprom.obj
COMPILER INVOKED BY: C:\keil_v5\C51\BIN\C51.EXE ..\..\lib.c\eeprom.c OPTIMIZE(8,SPEED) BROWSE INCDIR(..\user_h;..\..\lib
                    -.h) DEBUG OBJECTEXTEND PRINT(.\Listings\eeprom.lst) TABS(2) OBJECT(.\Objects\eeprom.obj)

line level    source

   1          #include"STC15.h"
   2          #include"eeprom.h"
   3          
   4          #define command_error 2
   5          #define write_error 1
   6          #define ok 0
   7          
   8          unsigned char eeprom_readbyte(unsigned int addr)
   9          {
  10   1        unsigned int addr_temp;
  11   1        unsigned char IAP_DATA_RES;
  12   1        
  13   1        IAP_CONTR = 0x00;
  14   1        IAP_DATA = 0x00;
  15   1        
  16   1        addr_temp = addr;
  17   1        IAP_ADDRL = addr_temp; 
  18   1        IAP_ADDRH = (addr_temp >> 8);
  19   1        
  20   1        IAP_CMD = 0x01; 
  21   1        IAP_CONTR |= 0x80;  
  22   1        IAP_TRIG = 0x5a;
  23   1        IAP_TRIG = 0xa5;
  24   1        
  25   1          
  26   1        IAP_DATA_RES = IAP_DATA;
  27   1        
  28   1        IAP_CONTR &= 0x10;
  29   1        IAP_TRIG = 0x00;
  30   1        IAP_CMD = 0x00;
  31   1        IAP_ADDRL = 0x00;
  32   1        IAP_ADDRH = 0x00;
  33   1        IAP_DATA = 0x00;
  34   1        
  35   1        return IAP_DATA_RES;
  36   1      }
  37          
  38          
  39          unsigned char eeprom_writebyte(unsigned int addr,unsigned char data_write)
  40          {
  41   1        unsigned int addr_temp;
  42   1        unsigned char ret;
  43   1        
  44   1        IAP_CONTR = 0x00;
  45   1        IAP_DATA = 0x00;
  46   1        
  47   1        addr_temp = addr;
  48   1        IAP_ADDRL = addr_temp;
  49   1        IAP_ADDRH = (addr_temp >> 8);
  50   1        
  51   1        IAP_DATA = data_write;
  52   1        
  53   1        IAP_CMD = 0x02; 
  54   1        IAP_CONTR |= 0x80;
C51 COMPILER V9.54   EEPROM                                                                02/08/2019 22:58:54 PAGE 2   

  55   1        
  56   1        IAP_TRIG = 0x5a;
  57   1        IAP_TRIG = 0xa5;
  58   1        if(IAP_CONTR & 0x90)
  59   1        {
  60   2          ret = command_error;   //命令错误
  61   2          IAP_CONTR = 0x00;
  62   2          IAP_TRIG = 0x00;
  63   2          IAP_CMD = 0x00;
  64   2          return ret;
  65   2        }
  66   1        
  67   1        if(eeprom_readbyte(addr) != data_write)
  68   1        {
  69   2          ret = write_error;   //写入错误
  70   2          IAP_CONTR = 0x00;
  71   2          IAP_TRIG = 0x00;
  72   2          IAP_CMD = 0x00;
  73   2          return ret;
  74   2        }          
  75   1        
  76   1        IAP_CONTR = 0x00;
  77   1        IAP_TRIG = 0x00;
  78   1        IAP_CMD = 0x00;
  79   1          
  80   1        ret = ok;   //正常返回
  81   1        return ret;
  82   1      }


MODULE INFORMATION:   STATIC OVERLAYABLE
   CODE SIZE        =    114    ----
   CONSTANT SIZE    =   ----    ----
   XDATA SIZE       =   ----    ----
   PDATA SIZE       =   ----    ----
   DATA SIZE        =   ----    ----
   IDATA SIZE       =   ----    ----
   BIT SIZE         =   ----    ----
END OF MODULE INFORMATION.


C51 COMPILATION COMPLETE.  0 WARNING(S),  0 ERROR(S)
