C51 COMPILER V9.54   IAP15W4K32S4_IT                                                       02/08/2019 22:58:53 PAGE 1   


C51 COMPILER V9.54, COMPILATION OF MODULE IAP15W4K32S4_IT
OBJECT MODULE PLACED IN .\Objects\IAP15W4K32S4_IT.obj
COMPILER INVOKED BY: C:\keil_v5\C51\BIN\C51.EXE ..\user_c\IAP15W4K32S4_IT.c OPTIMIZE(8,SPEED) BROWSE INCDIR(..\user_h;..
                    -\..\lib.h) DEBUG OBJECTEXTEND PRINT(.\Listings\IAP15W4K32S4_IT.lst) TABS(2) OBJECT(.\Objects\IAP15W4K32S4_IT.obj)

line level    source

   1          /*
   2          *  文件名称：IAP15W4K32S4_IT.c
   3          *  文件作用：整个工程所有的中断服务函数都在这里写
   4          *  文件用法：无
   5          */
   6          #include"IAP15W4K32S4_IT.h"
   7          #include"STC15.h"
   8          #include"stdlib.h"
   9          #include"io.h"
  10          
  11          


MODULE INFORMATION:   STATIC OVERLAYABLE
   CODE SIZE        =   ----    ----
   CONSTANT SIZE    =   ----    ----
   XDATA SIZE       =   ----    ----
   PDATA SIZE       =   ----    ----
   DATA SIZE        =   ----    ----
   IDATA SIZE       =   ----    ----
   BIT SIZE         =   ----    ----
END OF MODULE INFORMATION.


C51 COMPILATION COMPLETE.  0 WARNING(S),  0 ERROR(S)
