C51 COMPILER V9.54   PRO                                                                   02/08/2019 22:58:53 PAGE 1   


C51 COMPILER V9.54, COMPILATION OF MODULE PRO
OBJECT MODULE PLACED IN .\Objects\pro.obj
COMPILER INVOKED BY: C:\keil_v5\C51\BIN\C51.EXE ..\user_c\pro.c OPTIMIZE(8,SPEED) BROWSE INCDIR(..\user_h;..\..\lib.h) D
                    -EBUG OBJECTEXTEND PRINT(.\Listings\pro.lst) TABS(2) OBJECT(.\Objects\pro.obj)

line level    source

   1          /*
   2          *  文件名称：pro.c
   3          *  文件作用：整个工程的主c文件
   4          *  文件用法：无
   5          */
   6          #include"STC15.h"
   7          #include"INTRINS.h"
   8          #include"string.h"
   9          #include"stdio.h"
  10          
  11          #include"io.h"
  12          #include"IAP15W4K32S4_IT.h"
  13          
  14          void system_init(void)
  15          {
  16   1        io_init();
  17   1      }
  18          
  19          void main(void)
  20          {   
  21   1        system_init();
  22   1          
  23   1        for(;;)
  24   1        {
  25   2          
  26   2        }
  27   1      }


MODULE INFORMATION:   STATIC OVERLAYABLE
   CODE SIZE        =      8    ----
   CONSTANT SIZE    =   ----    ----
   XDATA SIZE       =   ----    ----
   PDATA SIZE       =   ----    ----
   DATA SIZE        =   ----    ----
   IDATA SIZE       =   ----    ----
   BIT SIZE         =   ----    ----
END OF MODULE INFORMATION.


C51 COMPILATION COMPLETE.  0 WARNING(S),  0 ERROR(S)
