C51 COMPILER V9.54   SYSTEM_CONFIG                                                         02/08/2019 22:44:57 PAGE 1   


C51 COMPILER V9.54, COMPILATION OF MODULE SYSTEM_CONFIG
OBJECT MODULE PLACED IN .\Objects\system_config.obj
COMPILER INVOKED BY: C:\keil_v5\C51\BIN\C51.EXE ..\user_c\system_config.c OPTIMIZE(8,SPEED) BROWSE INCDIR(..\user_h;..\.
                    -.\lib.h) DEBUG OBJECTEXTEND PRINT(.\Listings\system_config.lst) TABS(2) OBJECT(.\Objects\system_config.obj)

line level    source

   1          #include"STC15.h"
   2          #include"system_config.h"
   3          #include"eeprom.h"
   4          #include"delay.h"
   5          
   6          


MODULE INFORMATION:   STATIC OVERLAYABLE
   CODE SIZE        =   ----    ----
   CONSTANT SIZE    =   ----    ----
   XDATA SIZE       =   ----    ----
   PDATA SIZE       =   ----    ----
   DATA SIZE        =   ----    ----
   IDATA SIZE       =   ----    ----
   BIT SIZE         =   ----    ----
END OF MODULE INFORMATION.


C51 COMPILATION COMPLETE.  0 WARNING(S),  0 ERROR(S)
