C51 COMPILER V9.54   UART                                                                  02/08/2019 22:58:54 PAGE 1   


C51 COMPILER V9.54, COMPILATION OF MODULE UART
OBJECT MODULE PLACED IN .\Objects\uart.obj
COMPILER INVOKED BY: C:\keil_v5\C51\BIN\C51.EXE ..\..\lib.c\uart.c OPTIMIZE(8,SPEED) BROWSE INCDIR(..\user_h;..\..\lib.h
                    -) DEBUG OBJECTEXTEND PRINT(.\Listings\uart.lst) TABS(2) OBJECT(.\Objects\uart.obj)

line level    source

   1          /*
   2          *  文件名称：uart.c
   3          *  文件作用：串口相关初始化、设置、使用函数在这里
   4          *  文件用法：无
   5          */
   6          
   7          #include"STC15.h"
   8          #include"uart.h"
   9          
  10          
  11          unsigned char uart1_rec;
  12          unsigned char uart3_rec;
  13          
  14          bit uart1_transflag, uart3_transflag ;
  15          
  16          /*
  17          *  函数名称：uart1_init();
  18          *  函数作用：串口1相关初始化函数 使用定时器2 配置
  19          *  函数用法：无
  20          */
  21          void uart1_init(void)   //115200bps@30.000MHz
  22          {
  23   1        SCON = 0x50;    //8位数据,可变波特率
  24   1        AUXR |= 0x01;   //串口1选择定时器2为波特率发生器
  25   1        AUXR |= 0x04;   //定时器2时钟为Fosc,即1T
  26   1        T2L = 0xBF;   //设定定时初值
  27   1        T2H = 0xFF;   //设定定时初值
  28   1        AUXR |= 0x10;   //启动定时器2 
  29   1        
  30   1        EA = 1;  //开启全局中断
  31   1        ES = 1;  //使能串口1的中断
  32   1      }
  33          
  34          
  35          /*
  36          *  函数名称：uart3_init();
  37          *  函数作用：串口3相关初始化函数 使用定时器2 配置
  38          *  函数用法：无
  39          */
  40          void uart3_init(void) //115200bps@30.000MHz
  41          {
  42   1        S3CON = 0x10;   //8位数据,可变波特率
  43   1        S3CON |= 0x40;    //串口3选择定时器3为波特率发生器
  44   1        T4T3M &= 0xFD;    //定时器3时钟为Fosc/12,即12T
  45   1        T3L = 0xBF;   //设定定时初值
  46   1        T3H = 0xFF;   //设定定时初值
  47   1        T4T3M |= 0x08;    //启动定时器3
  48   1        
  49   1        EA = 1;
  50   1        IE2 |= 0X08; //开启相关中断
  51   1      }
  52          
  53          
  54          /*
C51 COMPILER V9.54   UART                                                                  02/08/2019 22:58:54 PAGE 2   

  55          *  函数名称：uart1_sendbyte();
  56          *  函数作用：串口1数据发送函数，发送一字节的数据
  57          *  函数用法：将待发送数据传递给input
  58          */
  59          void uart1_sendbyte(unsigned char input)
  60          {
  61   1        SBUF = input;
  62   1        while(uart1_transflag == 0);  //等待发送完毕才会执行下一个动作
  63   1        uart1_transflag = 0;
  64   1      }
  65          
  66          
  67          /*
  68          *  函数名称：uart3_sendbyte();
  69          *  函数作用：串口3数据发送函数，发送一字节的数据
  70          *  函数用法：将待发送数据传递给input
  71          */
  72          void uart3_sendbyte(unsigned char input)
  73          {
  74   1        S3BUF = input;
  75   1        while(uart3_transflag == 0);  //等待发送完毕才会执行下一个动作
  76   1        uart3_transflag = 0;
  77   1      }
  78          
  79          
  80          void uart1_sendstring(unsigned char *p)
  81          {
  82   1        while(*p > 0)
  83   1          {
  84   2            uart1_sendbyte(*p);
  85   2            p ++;
  86   2          }
  87   1      }
  88          
  89          
  90          void uart3_sendstring(unsigned char *p)
  91          {
  92   1        while(*p > 0)
  93   1          {
  94   2            uart3_sendbyte(*p);
  95   2            p ++;
  96   2          }
  97   1      }
  98          
  99          


MODULE INFORMATION:   STATIC OVERLAYABLE
   CODE SIZE        =    107    ----
   CONSTANT SIZE    =   ----    ----
   XDATA SIZE       =   ----    ----
   PDATA SIZE       =   ----    ----
   DATA SIZE        =      2    ----
   IDATA SIZE       =   ----    ----
   BIT SIZE         =      2    ----
END OF MODULE INFORMATION.


C51 COMPILATION COMPLETE.  0 WARNING(S),  0 ERROR(S)
