C51 COMPILER V9.54   X9C104                                                                02/08/2019 22:49:37 PAGE 1   


C51 COMPILER V9.54, COMPILATION OF MODULE X9C104
OBJECT MODULE PLACED IN .\Objects\x9c104.obj
COMPILER INVOKED BY: C:\keil_v5\C51\BIN\C51.EXE ..\..\lib.c\x9c104.c OPTIMIZE(8,SPEED) BROWSE INCDIR(..\user_h;..\..\lib
                    -.h) DEBUG OBJECTEXTEND PRINT(.\Listings\x9c104.lst) TABS(2) OBJECT(.\Objects\x9c104.obj)

line level    source

   1          #include"x9c104.h"
   2          #include"stdlib.h"
   3          #include"stc15.h"
   4          #include"INTRINS.h"
   5          #include"delay.h"
   6          
   7          
   8          //程序需要记住抽头位置，这里记录的是RWB，也就是抽头到B那一部分
   9          unsigned char x9c104_position = 100 - x9c104_initval;
  10          
  11          //修复X9C104第一次触发不灵敏的问题
  12          static unsigned char x9c104_udstate = 3;
  13          /*
  14            重要说明：此函数在正式环境中将在中断中运行
  15            为保证执行效率step应不大于10
  16          */
  17          void x9c104_cmd(x9c104cmd_typedef* cmd)
  18          {
  19   1        x9c104_cs = 0;
  20   1        if(cmd->x9c104_up_down == 1)
  21   1        {
  22   2          x9c104_ud = 1;
  23   2        }
  24   1        else
  25   1        {
  26   2          x9c104_ud = 0;
  27   2        }
  28   1        delay2us();
  29   1        delay1us();
  30   1        
  31   1        
  32   1        //修复X9C104第一次触发不灵敏的问题
  33   1        if((cmd->x9c104_up_down != x9c104_udstate) && (x9c104_udstate != 3))
  34   1        {
  35   2          cmd->x9c104_step += 2;
  36   2        }
  37   1        
  38   1        x9c104_udstate = cmd->x9c104_up_down;
  39   1        
  40   1        for(;cmd->x9c104_step > 0;cmd->x9c104_step--)
  41   1        {
  42   2          x9c104_inc = 1;
  43   2          delay2us();
  44   2          x9c104_inc = 0;
  45   2          delay2us();
  46   2        }
  47   1        
  48   1        x9c104_inc = 0;
  49   1        delay1us();
  50   1        delay2us();
  51   1        x9c104_cs = 1;    
  52   1      }
  53          
  54          
C51 COMPILER V9.54   X9C104                                                                02/08/2019 22:49:37 PAGE 2   

  55          /*
  56            X9C104初始化函数，把抽头位置调整到initval处
  57            需要注意的是没事别乱调用，芯片读写次数只有
  58            10K次
  59          */
  60          void x9c104_init(void)
  61          {
  62   1        unsigned char temp = 0;
  63   1        
  64   1        x9c104_cs = 1;
  65   1        delayms(20);
  66   1        x9c104_cs = 0;
  67   1        x9c104_ud = UP;
  68   1        delay2us();
  69   1        delay1us();
  70   1        
  71   1        for(;temp < 105;temp ++)
  72   1        {
  73   2          x9c104_inc = 1;
  74   2          delay2us();
  75   2          x9c104_inc = 0;
  76   2          delay2us();
  77   2        }
  78   1        
  79   1        x9c104_ud = DOWN;
  80   1        delay2us();
  81   1        delay1us(); 
  82   1        
  83   1        for(temp = 0;temp < x9c104_initval + 1;temp ++)
  84   1        {
  85   2          x9c104_inc = 1;
  86   2          delay2us();
  87   2          x9c104_inc = 0;
  88   2          delay2us();
  89   2        }
  90   1        
  91   1        x9c104_inc = 1;
  92   1        delay2us();
  93   1        delay1us();
  94   1        x9c104_cs = 1;
  95   1      }
  96          


MODULE INFORMATION:   STATIC OVERLAYABLE
   CODE SIZE        =    193    ----
   CONSTANT SIZE    =   ----    ----
   XDATA SIZE       =   ----    ----
   PDATA SIZE       =   ----    ----
   DATA SIZE        =      2       4
   IDATA SIZE       =   ----    ----
   BIT SIZE         =   ----    ----
END OF MODULE INFORMATION.


C51 COMPILATION COMPLETE.  0 WARNING(S),  0 ERROR(S)
